# JRE version: OpenJDK Runtime Environment 18.9 (11.0.13+8) (build 11.0.13+8)
# Java VM: OpenJDK 64-Bit Server VM 18.9 (11.0.13+8, mixed mode, tiered, compressed oops, g1 gc, windows-amd64)
Heap:
 garbage-first heap   total 440320K, used 317773K [0x00000000e0000000, 0x0000000100000000)
  region size 1024K, 82 young (83968K), 15 survivors (15360K)
 Metaspace       used 214056K, capacity 220626K, committed 221008K, reserved 448512K
  class space    used 25858K, capacity 28211K, committed 28416K, reserved 253952K
GC Heap History (20 events):
Event: 4652.223 GC heap before
{Heap before GC invocations=252 (full 0):
 garbage-first heap   total 440320K, used 267264K [0x00000000e0000000, 0x0000000100000000)
  region size 1024K, 69 young (70656K), 3 survivors (3072K)
 Metaspace       used 200910K, capacity 206961K, committed 207312K, reserved 436224K
  class space    used 24164K, capacity 26292K, committed 26496K, reserved 253952K
}
Event: 4652.232 GC heap after
{Heap after GC invocations=253 (full 0):
 garbage-first heap   total 440320K, used 201489K [0x00000000e0000000, 0x0000000100000000)
  region size 1024K, 4 young (4096K), 4 survivors (4096K)
 Metaspace       used 200910K, capacity 206961K, committed 207312K, reserved 436224K
  class space    used 24164K, capacity 26292K, committed 26496K, reserved 253952K
}
Event: 4653.106 GC heap before
{Heap before GC invocations=254 (full 0):
 garbage-first heap   total 440320K, used 330513K [0x00000000e0000000, 0x0000000100000000)
  region size 1024K, 127 young (130048K), 4 survivors (4096K)
 Metaspace       used 204402K, capacity 210590K, committed 210768K, reserved 438272K
  class space    used 24657K, capacity 26844K, committed 26880K, reserved 253952K
}
Event: 4653.115 GC heap after
{Heap after GC invocations=255 (full 0):
 garbage-first heap   total 440320K, used 211698K [0x00000000e0000000, 0x0000000100000000)
  region size 1024K, 12 young (12288K), 12 survivors (12288K)
 Metaspace       used 204402K, capacity 210590K, committed 210768K, reserved 438272K
  class space    used 24657K, capacity 26844K, committed 26880K, reserved 253952K
}
Event: 4653.174 GC heap before
{Heap before GC invocations=255 (full 0):
 garbage-first heap   total 440320K, used 219890K [0x00000000e0000000, 0x0000000100000000)
  region size 1024K, 21 young (21504K), 12 survivors (12288K)
 Metaspace       used 205118K, capacity 211314K, committed 211408K, reserved 440320K
  class space    used 24760K, capacity 26935K, committed 27008K, reserved 253952K
}
Event: 4653.183 GC heap after
{Heap after GC invocations=256 (full 0):
 garbage-first heap   total 440320K, used 209429K [0x00000000e0000000, 0x0000000100000000)
  region size 1024K, 3 young (3072K), 3 survivors (3072K)
 Metaspace       used 205118K, capacity 211314K, committed 211408K, reserved 440320K
  class space    used 24760K, capacity 26935K, committed 27008K, reserved 253952K
}
Event: 4654.056 GC heap before
{Heap before GC invocations=256 (full 0):
 garbage-first heap   total 440320K, used 334357K [0x00000000e0000000, 0x0000000100000000)
  region size 1024K, 126 young (129024K), 3 survivors (3072K)
 Metaspace       used 212252K, capacity 218907K, committed 219088K, reserved 446464K
  class space    used 25823K, capacity 28243K, committed 28288K, reserved 253952K
}
Event: 4654.074 GC heap after
{Heap after GC invocations=257 (full 0):
 garbage-first heap   total 440320K, used 219872K [0x00000000e0000000, 0x0000000100000000)
  region size 1024K, 14 young (14336K), 14 survivors (14336K)
 Metaspace       used 212252K, capacity 218907K, committed 219088K, reserved 446464K
  class space    used 25823K, capacity 28243K, committed 28288K, reserved 253952K
}
Event: 4654.946 GC heap before
{Heap before GC invocations=258 (full 0):
 garbage-first heap   total 440320K, used 342752K [0x00000000e0000000, 0x0000000100000000)
  region size 1024K, 135 young (138240K), 14 survivors (14336K)
 Metaspace       used 213008K, capacity 219668K, committed 219856K, reserved 446464K
  class space    used 25841K, capacity 28251K, committed 28288K, reserved 253952K
}
Event: 4654.962 GC heap after
{Heap after GC invocations=259 (full 0):
 garbage-first heap   total 440320K, used 231107K [0x00000000e0000000, 0x0000000100000000)
  region size 1024K, 14 young (14336K), 14 survivors (14336K)
 Metaspace       used 213008K, capacity 219668K, committed 219856K, reserved 446464K
  class space    used 25841K, capacity 28251K, committed 28288K, reserved 253952K
}
Event: 4654.997 GC heap before
{Heap before GC invocations=259 (full 0):
 garbage-first heap   total 440320K, used 237251K [0x00000000e0000000, 0x0000000100000000)
  region size 1024K, 21 young (21504K), 14 survivors (14336K)
 Metaspace       used 213016K, capacity 219668K, committed 219856K, reserved 446464K
  class space    used 25844K, capacity 28251K, committed 28288K, reserved 253952K
}
Event: 4655.009 GC heap after
{Heap after GC invocations=260 (full 0):
 garbage-first heap   total 440320K, used 230808K [0x00000000e0000000, 0x0000000100000000)
  region size 1024K, 2 young (2048K), 2 survivors (2048K)
 Metaspace       used 213016K, capacity 219668K, committed 219856K, reserved 446464K
  class space    used 25844K, capacity 28251K, committed 28288K, reserved 253952K
}
Event: 4655.445 GC heap before
{Heap before GC invocations=260 (full 0):
 garbage-first heap   total 440320K, used 349592K [0x00000000e0000000, 0x0000000100000000)
  region size 1024K, 118 young (120832K), 2 survivors (2048K)
 Metaspace       used 213636K, capacity 220289K, committed 220496K, reserved 446464K
  class space    used 25916K, capacity 28325K, committed 28416K, reserved 253952K
}
Event: 4655.454 GC heap after
{Heap after GC invocations=261 (full 0):
 garbage-first heap   total 440320K, used 233414K [0x00000000e0000000, 0x0000000100000000)
  region size 1024K, 5 young (5120K), 5 survivors (5120K)
 Metaspace       used 213636K, capacity 220289K, committed 220496K, reserved 446464K
  class space    used 25916K, capacity 28325K, committed 28416K, reserved 253952K
}
Event: 4656.165 GC heap before
{Heap before GC invocations=262 (full 0):
 garbage-first heap   total 440320K, used 355270K [0x00000000e0000000, 0x0000000100000000)
  region size 1024K, 123 young (125952K), 5 survivors (5120K)
 Metaspace       used 213840K, capacity 220367K, committed 221008K, reserved 448512K
  class space    used 25850K, capacity 28202K, committed 28416K, reserved 253952K
}
Event: 4656.176 GC heap after
{Heap after GC invocations=263 (full 0):
 garbage-first heap   total 440320K, used 239412K [0x00000000e0000000, 0x0000000100000000)
  region size 1024K, 11 young (11264K), 11 survivors (11264K)
 Metaspace       used 213840K, capacity 220367K, committed 221008K, reserved 448512K
  class space    used 25850K, capacity 28202K, committed 28416K, reserved 253952K
}
Event: 4656.204 GC heap before
{Heap before GC invocations=263 (full 0):
 garbage-first heap   total 440320K, used 249652K [0x00000000e0000000, 0x0000000100000000)
  region size 1024K, 21 young (21504K), 11 survivors (11264K)
 Metaspace       used 213841K, capacity 220367K, committed 221008K, reserved 448512K
  class space    used 25850K, capacity 28202K, committed 28416K, reserved 253952K
}
Event: 4656.217 GC heap after
{Heap after GC invocations=264 (full 0):
 garbage-first heap   total 440320K, used 237967K [0x00000000e0000000, 0x0000000100000000)
  region size 1024K, 2 young (2048K), 2 survivors (2048K)
 Metaspace       used 213841K, capacity 220367K, committed 221008K, reserved 448512K
  class space    used 25850K, capacity 28202K, committed 28416K, reserved 253952K
}
Event: 4656.597 GC heap before
{Heap before GC invocations=264 (full 0):
 garbage-first heap   total 440320K, used 357775K [0x00000000e0000000, 0x0000000100000000)
  region size 1024K, 120 young (122880K), 2 survivors (2048K)
 Metaspace       used 213933K, capacity 220514K, committed 221008K, reserved 448512K
  class space    used 25851K, capacity 28203K, committed 28416K, reserved 253952K
}
Event: 4656.614 GC heap after
{Heap after GC invocations=265 (full 0):
 garbage-first heap   total 440320K, used 251213K [0x00000000e0000000, 0x0000000100000000)
  region size 1024K, 15 young (15360K), 15 survivors (15360K)
 Metaspace       used 213933K, capacity 220514K, committed 221008K, reserved 448512K
  class space    used 25851K, capacity 28203K, committed 28416K, reserved 253952K
}

