# JRE version: OpenJDK Runtime Environment 18.9 (11.0.13+8) (build 11.0.13+8)
# Java VM: OpenJDK 64-Bit Server VM 18.9 (11.0.13+8, mixed mode, tiered, compressed oops, g1 gc, windows-amd64)
Heap:
 garbage-first heap   total 315392K, used 42125K [0x0000000701000000, 0x0000000800000000)
  region size 1024K, 19 young (19456K), 19 survivors (19456K)
 Metaspace       used 57493K, capacity 58205K, committed 58368K, reserved 1101824K
  class space    used 6641K, capacity 6910K, committed 6912K, reserved 1048576K
GC Heap History (9 events):
Event: 0.257 GC heap before
{Heap before GC invocations=0 (full 0):
 garbage-first heap   total 262144K, used 17408K [0x0000000701000000, 0x0000000800000000)
  region size 1024K, 14 young (14336K), 0 survivors (0K)
 Metaspace       used 9744K, capacity 9871K, committed 10112K, reserved 1058816K
  class space    used 812K, capacity 820K, committed 896K, reserved 1048576K
}
Event: 0.259 GC heap after
{Heap after GC invocations=1 (full 0):
 garbage-first heap   total 262144K, used 5271K [0x0000000701000000, 0x0000000800000000)
  region size 1024K, 2 young (2048K), 2 survivors (2048K)
 Metaspace       used 9744K, capacity 9871K, committed 10112K, reserved 1058816K
  class space    used 812K, capacity 820K, committed 896K, reserved 1048576K
}
Event: 0.766 GC heap before
{Heap before GC invocations=1 (full 0):
 garbage-first heap   total 262144K, used 52375K [0x0000000701000000, 0x0000000800000000)
  region size 1024K, 49 young (50176K), 2 survivors (2048K)
 Metaspace       used 21061K, capacity 21230K, committed 21248K, reserved 1069056K
  class space    used 2213K, capacity 2286K, committed 2304K, reserved 1048576K
}
Event: 0.773 GC heap after
{Heap after GC invocations=2 (full 0):
 garbage-first heap   total 262144K, used 9420K [0x0000000701000000, 0x0000000800000000)
  region size 1024K, 7 young (7168K), 7 survivors (7168K)
 Metaspace       used 21061K, capacity 21230K, committed 21248K, reserved 1069056K
  class space    used 2213K, capacity 2286K, committed 2304K, reserved 1048576K
}
Event: 1.402 GC heap before
{Heap before GC invocations=3 (full 0):
 garbage-first heap   total 262144K, used 71884K [0x0000000701000000, 0x0000000800000000)
  region size 1024K, 56 young (57344K), 7 survivors (7168K)
 Metaspace       used 31104K, capacity 31533K, committed 31744K, reserved 1077248K
  class space    used 3638K, capacity 3792K, committed 3840K, reserved 1048576K
}
Event: 1.410 GC heap after
{Heap after GC invocations=4 (full 0):
 garbage-first heap   total 262144K, used 23877K [0x0000000701000000, 0x0000000800000000)
  region size 1024K, 7 young (7168K), 7 survivors (7168K)
 Metaspace       used 31104K, capacity 31533K, committed 31744K, reserved 1077248K
  class space    used 3638K, capacity 3792K, committed 3840K, reserved 1048576K
}
Event: 1.616 GC heap before
{Heap before GC invocations=4 (full 0):
 garbage-first heap   total 262144K, used 44357K [0x0000000701000000, 0x0000000800000000)
  region size 1024K, 28 young (28672K), 7 survivors (7168K)
 Metaspace       used 35297K, capacity 35666K, committed 35840K, reserved 1081344K
  class space    used 4097K, capacity 4251K, committed 4352K, reserved 1048576K
}
Event: 1.625 GC heap after
{Heap after GC invocations=5 (full 0):
 garbage-first heap   total 262144K, used 23661K [0x0000000701000000, 0x0000000800000000)
  region size 1024K, 8 young (8192K), 8 survivors (8192K)
 Metaspace       used 35297K, capacity 35666K, committed 35840K, reserved 1081344K
  class space    used 4097K, capacity 4251K, committed 4352K, reserved 1048576K
}
Event: 3.626 GC heap before
{Heap before GC invocations=6 (full 0):
 garbage-first heap   total 262144K, used 172141K [0x0000000701000000, 0x0000000800000000)
  region size 1024K, 150 young (153600K), 8 survivors (8192K)
 Metaspace       used 57493K, capacity 58205K, committed 58368K, reserved 1101824K
  class space    used 6641K, capacity 6910K, committed 6912K, reserved 1048576K
}

