# JRE version: OpenJDK Runtime Environment 18.9 (11.0.13+8) (build 11.0.13+8)
# Java VM: OpenJDK 64-Bit Server VM 18.9 (11.0.13+8, mixed mode, tiered, compressed oops, g1 gc, windows-amd64)
Heap:
 garbage-first heap   total 440320K, used 428529K [0x00000000e0000000, 0x0000000100000000)
  region size 1024K, 42 young (43008K), 4 survivors (4096K)
 Metaspace       used 137768K, capacity 142539K, committed 142812K, reserved 378880K
  class space    used 17163K, capacity 18912K, committed 18944K, reserved 253952K
GC Heap History (20 events):
Event: 66.149 GC heap before
{Heap before GC invocations=245 (full 0):
 garbage-first heap   total 392192K, used 375521K [0x00000000e0000000, 0x0000000100000000)
  region size 1024K, 19 young (19456K), 1 survivors (1024K)
 Metaspace       used 136443K, capacity 141118K, committed 141404K, reserved 376832K
  class space    used 17001K, capacity 18710K, committed 18816K, reserved 253952K
}
Event: 66.151 GC heap after
{Heap after GC invocations=246 (full 0):
 garbage-first heap   total 392192K, used 357436K [0x00000000e0000000, 0x0000000100000000)
  region size 1024K, 2 young (2048K), 2 survivors (2048K)
 Metaspace       used 136443K, capacity 141118K, committed 141404K, reserved 376832K
  class space    used 17001K, capacity 18710K, committed 18816K, reserved 253952K
}
Event: 66.178 GC heap before
{Heap before GC invocations=246 (full 0):
 garbage-first heap   total 392192K, used 373820K [0x00000000e0000000, 0x0000000100000000)
  region size 1024K, 19 young (19456K), 2 survivors (2048K)
 Metaspace       used 136446K, capacity 141118K, committed 141404K, reserved 376832K
  class space    used 17001K, capacity 18710K, committed 18816K, reserved 253952K
}
Event: 66.198 GC heap after
{Heap after GC invocations=247 (full 0):
 garbage-first heap   total 398336K, used 343757K [0x00000000e0000000, 0x0000000100000000)
  region size 1024K, 3 young (3072K), 3 survivors (3072K)
 Metaspace       used 136446K, capacity 141118K, committed 141404K, reserved 376832K
  class space    used 17001K, capacity 18710K, committed 18816K, reserved 253952K
}
Event: 66.311 GC heap before
{Heap before GC invocations=247 (full 0):
 garbage-first heap   total 398336K, used 352973K [0x00000000e0000000, 0x0000000100000000)
  region size 1024K, 13 young (13312K), 3 survivors (3072K)
 Metaspace       used 136486K, capacity 141207K, committed 141404K, reserved 376832K
  class space    used 17003K, capacity 18714K, committed 18816K, reserved 253952K
}
Event: 66.326 GC heap after
{Heap after GC invocations=248 (full 0):
 garbage-first heap   total 398336K, used 346744K [0x00000000e0000000, 0x0000000100000000)
  region size 1024K, 2 young (2048K), 2 survivors (2048K)
 Metaspace       used 136486K, capacity 141207K, committed 141404K, reserved 376832K
  class space    used 17003K, capacity 18714K, committed 18816K, reserved 253952K
}
Event: 66.586 GC heap before
{Heap before GC invocations=248 (full 0):
 garbage-first heap   total 398336K, used 364152K [0x00000000e0000000, 0x0000000100000000)
  region size 1024K, 19 young (19456K), 2 survivors (2048K)
 Metaspace       used 136511K, capacity 141293K, committed 141404K, reserved 376832K
  class space    used 17007K, capacity 18721K, committed 18816K, reserved 253952K
}
Event: 66.589 GC heap after
{Heap after GC invocations=249 (full 0):
 garbage-first heap   total 398336K, used 348694K [0x00000000e0000000, 0x0000000100000000)
  region size 1024K, 2 young (2048K), 2 survivors (2048K)
 Metaspace       used 136511K, capacity 141293K, committed 141404K, reserved 376832K
  class space    used 17007K, capacity 18721K, committed 18816K, reserved 253952K
}
Event: 66.863 GC heap before
{Heap before GC invocations=249 (full 0):
 garbage-first heap   total 417792K, used 375318K [0x00000000e0000000, 0x0000000100000000)
  region size 1024K, 19 young (19456K), 2 survivors (2048K)
 Metaspace       used 136545K, capacity 141359K, committed 141660K, reserved 378880K
  class space    used 17010K, capacity 18721K, committed 18816K, reserved 253952K
}
Event: 66.866 GC heap after
{Heap after GC invocations=250 (full 0):
 garbage-first heap   total 417792K, used 360524K [0x00000000e0000000, 0x0000000100000000)
  region size 1024K, 3 young (3072K), 3 survivors (3072K)
 Metaspace       used 136545K, capacity 141359K, committed 141660K, reserved 378880K
  class space    used 17010K, capacity 18721K, committed 18816K, reserved 253952K
}
Event: 67.500 GC heap before
{Heap before GC invocations=251 (full 0):
 garbage-first heap   total 417792K, used 379980K [0x00000000e0000000, 0x0000000100000000)
  region size 1024K, 20 young (20480K), 3 survivors (3072K)
 Metaspace       used 136600K, capacity 141365K, committed 141660K, reserved 378880K
  class space    used 17016K, capacity 18723K, committed 18816K, reserved 253952K
}
Event: 67.503 GC heap after
{Heap after GC invocations=252 (full 0):
 garbage-first heap   total 417792K, used 340452K [0x00000000e0000000, 0x0000000100000000)
  region size 1024K, 2 young (2048K), 2 survivors (2048K)
 Metaspace       used 136600K, capacity 141365K, committed 141660K, reserved 378880K
  class space    used 17016K, capacity 18723K, committed 18816K, reserved 253952K
}
Event: 67.660 GC heap before
{Heap before GC invocations=252 (full 0):
 garbage-first heap   total 417792K, used 358884K [0x00000000e0000000, 0x0000000100000000)
  region size 1024K, 20 young (20480K), 2 survivors (2048K)
 Metaspace       used 136615K, capacity 141365K, committed 141660K, reserved 378880K
  class space    used 17016K, capacity 18723K, committed 18816K, reserved 253952K
}
Event: 67.673 GC heap after
{Heap after GC invocations=253 (full 0):
 garbage-first heap   total 417792K, used 302386K [0x00000000e0000000, 0x0000000100000000)
  region size 1024K, 3 young (3072K), 3 survivors (3072K)
 Metaspace       used 136615K, capacity 141365K, committed 141660K, reserved 378880K
  class space    used 17016K, capacity 18723K, committed 18816K, reserved 253952K
}
Event: 68.660 GC heap before
{Heap before GC invocations=253 (full 0):
 garbage-first heap   total 417792K, used 341298K [0x00000000e0000000, 0x0000000100000000)
  region size 1024K, 41 young (41984K), 3 survivors (3072K)
 Metaspace       used 136684K, capacity 141452K, committed 141660K, reserved 378880K
  class space    used 17020K, capacity 18729K, committed 18816K, reserved 253952K
}
Event: 68.665 GC heap after
{Heap after GC invocations=254 (full 0):
 garbage-first heap   total 417792K, used 305208K [0x00000000e0000000, 0x0000000100000000)
  region size 1024K, 6 young (6144K), 6 survivors (6144K)
 Metaspace       used 136684K, capacity 141452K, committed 141660K, reserved 378880K
  class space    used 17020K, capacity 18729K, committed 18816K, reserved 253952K
}
Event: 70.123 GC heap before
{Heap before GC invocations=254 (full 0):
 garbage-first heap   total 417792K, used 344120K [0x00000000e0000000, 0x0000000100000000)
  region size 1024K, 45 young (46080K), 6 survivors (6144K)
 Metaspace       used 136801K, capacity 141537K, committed 141660K, reserved 378880K
  class space    used 17038K, capacity 18777K, committed 18816K, reserved 253952K
}
Event: 70.126 GC heap after
{Heap after GC invocations=255 (full 0):
 garbage-first heap   total 417792K, used 302729K [0x00000000e0000000, 0x0000000100000000)
  region size 1024K, 3 young (3072K), 3 survivors (3072K)
 Metaspace       used 136801K, capacity 141537K, committed 141660K, reserved 378880K
  class space    used 17038K, capacity 18777K, committed 18816K, reserved 253952K
}
Event: 70.722 GC heap before
{Heap before GC invocations=255 (full 0):
 garbage-first heap   total 417792K, used 316041K [0x00000000e0000000, 0x0000000100000000)
  region size 1024K, 17 young (17408K), 3 survivors (3072K)
 Metaspace       used 137750K, capacity 142538K, committed 142812K, reserved 378880K
  class space    used 17159K, capacity 18912K, committed 18944K, reserved 253952K
}
Event: 70.725 GC heap after
{Heap after GC invocations=256 (full 0):
 garbage-first heap   total 417792K, used 303601K [0x00000000e0000000, 0x0000000100000000)
  region size 1024K, 4 young (4096K), 4 survivors (4096K)
 Metaspace       used 137750K, capacity 142538K, committed 142812K, reserved 378880K
  class space    used 17159K, capacity 18912K, committed 18944K, reserved 253952K
}

