# JRE version: OpenJDK Runtime Environment 18.9 (11.0.13+8) (build 11.0.13+8)
# Java VM: OpenJDK 64-Bit Server VM 18.9 (11.0.13+8, mixed mode, tiered, compressed oops, g1 gc, windows-amd64)
Heap:
 garbage-first heap   total 377856K, used 284106K [0x00000000e0000000, 0x0000000100000000)
  region size 1024K, 4 young (4096K), 2 survivors (2048K)
 Metaspace       used 115559K, capacity 119544K, committed 119632K, reserved 358400K
  class space    used 14517K, capacity 15864K, committed 15872K, reserved 253952K
GC Heap History (20 events):
Event: 27.290 GC heap before
{Heap before GC invocations=38 (full 0):
 garbage-first heap   total 350208K, used 340933K [0x00000000e0000000, 0x0000000100000000)
  region size 1024K, 17 young (17408K), 2 survivors (2048K)
 Metaspace       used 110488K, capacity 114310K, committed 114640K, reserved 354304K
  class space    used 14038K, capacity 15375K, committed 15488K, reserved 253952K
}
Event: 27.292 GC heap after
{Heap after GC invocations=39 (full 0):
 garbage-first heap   total 350208K, used 282439K [0x00000000e0000000, 0x0000000100000000)
  region size 1024K, 2 young (2048K), 2 survivors (2048K)
 Metaspace       used 110488K, capacity 114310K, committed 114640K, reserved 354304K
  class space    used 14038K, capacity 15375K, committed 15488K, reserved 253952K
}
Event: 27.418 GC heap before
{Heap before GC invocations=39 (full 0):
 garbage-first heap   total 350208K, used 327495K [0x00000000e0000000, 0x0000000100000000)
  region size 1024K, 17 young (17408K), 2 survivors (2048K)
 Metaspace       used 110489K, capacity 114310K, committed 114640K, reserved 354304K
  class space    used 14038K, capacity 15375K, committed 15488K, reserved 253952K
}
Event: 27.419 GC heap after
{Heap after GC invocations=40 (full 0):
 garbage-first heap   total 350208K, used 282547K [0x00000000e0000000, 0x0000000100000000)
  region size 1024K, 2 young (2048K), 2 survivors (2048K)
 Metaspace       used 110489K, capacity 114310K, committed 114640K, reserved 354304K
  class space    used 14038K, capacity 15375K, committed 15488K, reserved 253952K
}
Event: 27.469 GC heap before
{Heap before GC invocations=41 (full 0):
 garbage-first heap   total 350208K, used 296883K [0x00000000e0000000, 0x0000000100000000)
  region size 1024K, 11 young (11264K), 2 survivors (2048K)
 Metaspace       used 110489K, capacity 114310K, committed 114640K, reserved 354304K
  class space    used 14038K, capacity 15375K, committed 15488K, reserved 253952K
}
Event: 27.470 GC heap after
{Heap after GC invocations=42 (full 0):
 garbage-first heap   total 350208K, used 282571K [0x00000000e0000000, 0x0000000100000000)
  region size 1024K, 2 young (2048K), 2 survivors (2048K)
 Metaspace       used 110489K, capacity 114310K, committed 114640K, reserved 354304K
  class space    used 14038K, capacity 15375K, committed 15488K, reserved 253952K
}
Event: 27.600 GC heap before
{Heap before GC invocations=42 (full 0):
 garbage-first heap   total 350208K, used 335819K [0x00000000e0000000, 0x0000000100000000)
  region size 1024K, 17 young (17408K), 2 survivors (2048K)
 Metaspace       used 110493K, capacity 114310K, committed 114640K, reserved 354304K
  class space    used 14038K, capacity 15375K, committed 15488K, reserved 253952K
}
Event: 27.601 GC heap after
{Heap after GC invocations=43 (full 0):
 garbage-first heap   total 350208K, used 282099K [0x00000000e0000000, 0x0000000100000000)
  region size 1024K, 1 young (1024K), 1 survivors (1024K)
 Metaspace       used 110493K, capacity 114310K, committed 114640K, reserved 354304K
  class space    used 14038K, capacity 15375K, committed 15488K, reserved 253952K
}
Event: 27.728 GC heap before
{Heap before GC invocations=43 (full 0):
 garbage-first heap   total 350208K, used 333299K [0x00000000e0000000, 0x0000000100000000)
  region size 1024K, 17 young (17408K), 1 survivors (1024K)
 Metaspace       used 110498K, capacity 114310K, committed 114640K, reserved 354304K
  class space    used 14038K, capacity 15375K, committed 15488K, reserved 253952K
}
Event: 27.729 GC heap after
{Heap after GC invocations=44 (full 0):
 garbage-first heap   total 350208K, used 281940K [0x00000000e0000000, 0x0000000100000000)
  region size 1024K, 1 young (1024K), 1 survivors (1024K)
 Metaspace       used 110498K, capacity 114310K, committed 114640K, reserved 354304K
  class space    used 14038K, capacity 15375K, committed 15488K, reserved 253952K
}
Event: 27.783 GC heap before
{Heap before GC invocations=45 (full 0):
 garbage-first heap   total 350208K, used 303444K [0x00000000e0000000, 0x0000000100000000)
  region size 1024K, 6 young (6144K), 1 survivors (1024K)
 Metaspace       used 110499K, capacity 114310K, committed 114640K, reserved 354304K
  class space    used 14038K, capacity 15375K, committed 15488K, reserved 253952K
}
Event: 27.784 GC heap after
{Heap after GC invocations=46 (full 0):
 garbage-first heap   total 350208K, used 290015K [0x00000000e0000000, 0x0000000100000000)
  region size 1024K, 1 young (1024K), 1 survivors (1024K)
 Metaspace       used 110499K, capacity 114310K, committed 114640K, reserved 354304K
  class space    used 14038K, capacity 15375K, committed 15488K, reserved 253952K
}
Event: 27.927 GC heap before
{Heap before GC invocations=46 (full 0):
 garbage-first heap   total 353280K, used 350431K [0x00000000e0000000, 0x0000000100000000)
  region size 1024K, 17 young (17408K), 1 survivors (1024K)
 Metaspace       used 110521K, capacity 114374K, committed 114640K, reserved 354304K
  class space    used 14038K, capacity 15375K, committed 15488K, reserved 253952K
}
Event: 27.928 GC heap after
{Heap after GC invocations=47 (full 0):
 garbage-first heap   total 354304K, used 281892K [0x00000000e0000000, 0x0000000100000000)
  region size 1024K, 1 young (1024K), 1 survivors (1024K)
 Metaspace       used 110521K, capacity 114374K, committed 114640K, reserved 354304K
  class space    used 14038K, capacity 15375K, committed 15488K, reserved 253952K
}
Event: 28.165 GC heap before
{Heap before GC invocations=48 (full 0):
 garbage-first heap   total 354304K, used 307492K [0x00000000e0000000, 0x0000000100000000)
  region size 1024K, 21 young (21504K), 1 survivors (1024K)
 Metaspace       used 110844K, capacity 114685K, committed 114896K, reserved 354304K
  class space    used 14075K, capacity 15411K, committed 15488K, reserved 253952K
}
Event: 28.167 GC heap after
{Heap after GC invocations=49 (full 0):
 garbage-first heap   total 354304K, used 282745K [0x00000000e0000000, 0x0000000100000000)
  region size 1024K, 1 young (1024K), 1 survivors (1024K)
 Metaspace       used 110844K, capacity 114685K, committed 114896K, reserved 354304K
  class space    used 14075K, capacity 15411K, committed 15488K, reserved 253952K
}
Event: 28.990 GC heap before
{Heap before GC invocations=50 (full 0):
 garbage-first heap   total 376832K, used 374905K [0x00000000e0000000, 0x0000000100000000)
  region size 1024K, 10 young (10240K), 1 survivors (1024K)
 Metaspace       used 111842K, capacity 115719K, committed 116048K, reserved 356352K
  class space    used 14203K, capacity 15542K, committed 15616K, reserved 253952K
}
Event: 28.992 GC heap after
{Heap after GC invocations=51 (full 0):
 garbage-first heap   total 377856K, used 282467K [0x00000000e0000000, 0x0000000100000000)
  region size 1024K, 1 young (1024K), 1 survivors (1024K)
 Metaspace       used 111842K, capacity 115719K, committed 116048K, reserved 356352K
  class space    used 14203K, capacity 15542K, committed 15616K, reserved 253952K
}
Event: 497.436 GC heap before
{Heap before GC invocations=51 (full 0):
 garbage-first heap   total 377856K, used 315235K [0x00000000e0000000, 0x0000000100000000)
  region size 1024K, 34 young (34816K), 1 survivors (1024K)
 Metaspace       used 115537K, capacity 119540K, committed 119632K, reserved 358400K
  class space    used 14515K, capacity 15863K, committed 15872K, reserved 253952K
}
Event: 497.438 GC heap after
{Heap after GC invocations=52 (full 0):
 garbage-first heap   total 377856K, used 283082K [0x00000000e0000000, 0x0000000100000000)
  region size 1024K, 2 young (2048K), 2 survivors (2048K)
 Metaspace       used 115537K, capacity 119540K, committed 119632K, reserved 358400K
  class space    used 14515K, capacity 15863K, committed 15872K, reserved 253952K
}

