# JRE version: OpenJDK Runtime Environment 18.9 (11.0.13+8) (build 11.0.13+8)
# Java VM: OpenJDK 64-Bit Server VM 18.9 (11.0.13+8, mixed mode, tiered, compressed oops, g1 gc, windows-amd64)
Heap:
 garbage-first heap   total 410624K, used 71163K [0x0000000701000000, 0x0000000800000000)
  region size 1024K, 8 young (8192K), 8 survivors (8192K)
 Metaspace       used 67014K, capacity 67867K, committed 68096K, reserved 1110016K
  class space    used 7315K, capacity 7659K, committed 7680K, reserved 1048576K
GC Heap History (17 events):
Event: 0.261 GC heap before
{Heap before GC invocations=0 (full 0):
 garbage-first heap   total 262144K, used 17408K [0x0000000701000000, 0x0000000800000000)
  region size 1024K, 14 young (14336K), 0 survivors (0K)
 Metaspace       used 9750K, capacity 9871K, committed 10112K, reserved 1058816K
  class space    used 812K, capacity 820K, committed 896K, reserved 1048576K
}
Event: 0.262 GC heap after
{Heap after GC invocations=1 (full 0):
 garbage-first heap   total 262144K, used 5280K [0x0000000701000000, 0x0000000800000000)
  region size 1024K, 2 young (2048K), 2 survivors (2048K)
 Metaspace       used 9750K, capacity 9871K, committed 10112K, reserved 1058816K
  class space    used 812K, capacity 820K, committed 896K, reserved 1048576K
}
Event: 0.825 GC heap before
{Heap before GC invocations=1 (full 0):
 garbage-first heap   total 262144K, used 52384K [0x0000000701000000, 0x0000000800000000)
  region size 1024K, 49 young (50176K), 2 survivors (2048K)
 Metaspace       used 21075K, capacity 21230K, committed 21248K, reserved 1069056K
  class space    used 2213K, capacity 2286K, committed 2304K, reserved 1048576K
}
Event: 0.833 GC heap after
{Heap after GC invocations=2 (full 0):
 garbage-first heap   total 262144K, used 9535K [0x0000000701000000, 0x0000000800000000)
  region size 1024K, 7 young (7168K), 7 survivors (7168K)
 Metaspace       used 21075K, capacity 21230K, committed 21248K, reserved 1069056K
  class space    used 2213K, capacity 2286K, committed 2304K, reserved 1048576K
}
Event: 1.456 GC heap before
{Heap before GC invocations=3 (full 0):
 garbage-first heap   total 262144K, used 71999K [0x0000000701000000, 0x0000000800000000)
  region size 1024K, 56 young (57344K), 7 survivors (7168K)
 Metaspace       used 31167K, capacity 31565K, committed 31744K, reserved 1077248K
  class space    used 3646K, capacity 3824K, committed 3840K, reserved 1048576K
}
Event: 1.465 GC heap after
{Heap after GC invocations=4 (full 0):
 garbage-first heap   total 262144K, used 23882K [0x0000000701000000, 0x0000000800000000)
  region size 1024K, 7 young (7168K), 7 survivors (7168K)
 Metaspace       used 31167K, capacity 31565K, committed 31744K, reserved 1077248K
  class space    used 3646K, capacity 3824K, committed 3840K, reserved 1048576K
}
Event: 1.675 GC heap before
{Heap before GC invocations=4 (full 0):
 garbage-first heap   total 262144K, used 42314K [0x0000000701000000, 0x0000000800000000)
  region size 1024K, 26 young (26624K), 7 survivors (7168K)
 Metaspace       used 35222K, capacity 35659K, committed 35840K, reserved 1081344K
  class space    used 4069K, capacity 4250K, committed 4352K, reserved 1048576K
}
Event: 1.680 GC heap after
{Heap after GC invocations=5 (full 0):
 garbage-first heap   total 262144K, used 23672K [0x0000000701000000, 0x0000000800000000)
  region size 1024K, 8 young (8192K), 8 survivors (8192K)
 Metaspace       used 35222K, capacity 35659K, committed 35840K, reserved 1081344K
  class space    used 4069K, capacity 4250K, committed 4352K, reserved 1048576K
}
Event: 3.803 GC heap before
{Heap before GC invocations=6 (full 0):
 garbage-first heap   total 262144K, used 175224K [0x0000000701000000, 0x0000000800000000)
  region size 1024K, 153 young (156672K), 8 survivors (8192K)
 Metaspace       used 57845K, capacity 58597K, committed 58752K, reserved 1101824K
  class space    used 6680K, capacity 6976K, committed 7040K, reserved 1048576K
}
Event: 3.831 GC heap after
{Heap after GC invocations=7 (full 0):
 garbage-first heap   total 315392K, used 42454K [0x0000000701000000, 0x0000000800000000)
  region size 1024K, 20 young (20480K), 20 survivors (20480K)
 Metaspace       used 57845K, capacity 58597K, committed 58752K, reserved 1101824K
  class space    used 6680K, capacity 6976K, committed 7040K, reserved 1048576K
}
Event: 4.060 GC heap before
{Heap before GC invocations=7 (full 0):
 garbage-first heap   total 315392K, used 54742K [0x0000000701000000, 0x0000000800000000)
  region size 1024K, 33 young (33792K), 20 survivors (20480K)
 Metaspace       used 59367K, capacity 60087K, committed 60160K, reserved 1101824K
  class space    used 6824K, capacity 7109K, committed 7168K, reserved 1048576K
}
Event: 4.094 GC heap after
{Heap after GC invocations=8 (full 0):
 garbage-first heap   total 315392K, used 46244K [0x0000000701000000, 0x0000000800000000)
  region size 1024K, 4 young (4096K), 4 survivors (4096K)
 Metaspace       used 59367K, capacity 60087K, committed 60160K, reserved 1101824K
  class space    used 6824K, capacity 7109K, committed 7168K, reserved 1048576K
}
Event: 4.703 GC heap before
{Heap before GC invocations=9 (full 0):
 garbage-first heap   total 315392K, used 94372K [0x0000000701000000, 0x0000000800000000)
  region size 1024K, 51 young (52224K), 4 survivors (4096K)
 Metaspace       used 60160K, capacity 60913K, committed 61184K, reserved 1103872K
  class space    used 6860K, capacity 7149K, committed 7168K, reserved 1048576K
}
Event: 4.716 GC heap after
{Heap after GC invocations=10 (full 0):
 garbage-first heap   total 315392K, used 53248K [0x0000000701000000, 0x0000000800000000)
  region size 1024K, 7 young (7168K), 7 survivors (7168K)
 Metaspace       used 60160K, capacity 60913K, committed 61184K, reserved 1103872K
  class space    used 6860K, capacity 7149K, committed 7168K, reserved 1048576K
}
Event: 7.211 GC heap before
{Heap before GC invocations=10 (full 0):
 garbage-first heap   total 315392K, used 131072K [0x0000000701000000, 0x0000000800000000)
  region size 1024K, 82 young (83968K), 7 survivors (7168K)
 Metaspace       used 65707K, capacity 66573K, committed 66688K, reserved 1107968K
  class space    used 7238K, capacity 7549K, committed 7552K, reserved 1048576K
}
Event: 7.223 GC heap after
{Heap after GC invocations=11 (full 0):
 garbage-first heap   total 315392K, used 62464K [0x0000000701000000, 0x0000000800000000)
  region size 1024K, 11 young (11264K), 11 survivors (11264K)
 Metaspace       used 65707K, capacity 66573K, committed 66688K, reserved 1107968K
  class space    used 7238K, capacity 7549K, committed 7552K, reserved 1048576K
}
Event: 9.379 GC heap before
{Heap before GC invocations=11 (full 0):
 garbage-first heap   total 315392K, used 143360K [0x0000000701000000, 0x0000000800000000)
  region size 1024K, 88 young (90112K), 11 survivors (11264K)
 Metaspace       used 67014K, capacity 67867K, committed 68096K, reserved 1110016K
  class space    used 7315K, capacity 7659K, committed 7680K, reserved 1048576K
}

